<?xml version="1.0" encoding="UTF-8"?>
<!-- Generated by org.testng.reporters.JUnitReportReporter -->
<testsuite skipped="0" hostname="classroom-PC" name="testng.Example2" tests="2" failures="0" timestamp="28 Dec 2019 04:15:00 GMT" time="0.021" errors="0">
  <testcase name="deleteEmp" time="0.002" classname="testng.Example2"/>
  <testcase name="addLocation" time="0.019" classname="testng.Example2"/>
</testsuite> <!-- testng.Example2 -->
