<?xml version="1.0" encoding="UTF-8"?>
<!-- Generated by org.testng.reporters.JUnitReportReporter -->
<testsuite skipped="0" hostname="classroom-PC" name="testng.Example3" tests="2" failures="0" timestamp="28 Dec 2019 04:15:00 GMT" time="0.008" errors="0">
  <testcase name="deleteLocation" time="0.005" classname="testng.Example3"/>
  <testcase name="editLocation" time="0.003" classname="testng.Example3"/>
</testsuite> <!-- testng.Example3 -->
